<?xml version="1.0" encoding="UTF-8"?>
<!-- Generated by org.testng.reporters.JUnitReportReporter -->
<testsuite name="opengoogle.ScreenKeyBoardTest" tests="2" time="2.417" ignored="0" failures="0" timestamp="01 жовт. 2017 22:38:18 GMT" skipped="0" hostname="DELL-5559" errors="0">
  <testcase name="testKeyBoardAppearance" time="2.319" classname="opengoogle.ScreenKeyBoardTest"/>
  <testcase name="testKeyBoarClosed" time="0.098" classname="opengoogle.ScreenKeyBoardTest"/>
</testsuite> <!-- opengoogle.ScreenKeyBoardTest -->
