<?xml version="1.0" encoding="UTF-8"?>
<!-- Generated by org.testng.reporters.JUnitReportReporter -->
<testsuite name="opengoogle.SearchResultNumberTest" tests="1" time="1.513" ignored="0" failures="0" timestamp="07 жовт. 2017 21:23:09 GMT" skipped="0" hostname="DELL-5559" errors="0">
  <testcase name="testNumberOfSearchResult" time="1.513" classname="opengoogle.SearchResultNumberTest"/>
</testsuite> <!-- opengoogle.SearchResultNumberTest -->
